<?xml version="1.0" encoding="UTF-8"?>
<testsuite xmlns:xsi="http://www.w3.org/2001/XMLSchema-instance" xsi:noNamespaceSchemaLocation="https://maven.apache.org/surefire/maven-surefire-plugin/xsd/surefire-test-report-3.0.xsd" version="3.0" name="squash.tfauto.RepeatedCalculatorTest" time="0.034" tests="12" errors="0" skipped="0" failures="6">
  <properties>
[...]
</properties>
  <testcase name="RepeatedAdditionSuccess(RepetitionInfo)[1]" classname="squash.tfauto.RepeatedCalculatorTest" time="0.01"/>
  <testcase name="RepeatedAdditionSuccess(RepetitionInfo)[2]" classname="squash.tfauto.RepeatedCalculatorTest" time="0.001"/>
  <testcase name="RepeatedAdditionSuccess(RepetitionInfo)[3]" classname="squash.tfauto.RepeatedCalculatorTest" time="0"/>
  <testcase name="RepeatedAdditionFailure(RepetitionInfo)[1]" classname="squash.tfauto.RepeatedCalculatorTest" time="0.001">
    <failure type="org.opentest4j.AssertionFailedError"><![CDATA[org.opentest4j.AssertionFailedError: Le résultat ducalcul1/3 est incorrect. 5 + 8 n'est pas égal à 17 ==> expected: <true> but was: <false>
	at squash.tfauto.RepeatedCalculatorTest.RepeatedAdditionFailure(RepeatedCalculatorTest.java:22)
]]></failure>
  </testcase>
  <testcase name="RepeatedAdditionFailure(RepetitionInfo)[2]" classname="squash.tfauto.RepeatedCalculatorTest" time="0.001">
    <failure type="org.opentest4j.AssertionFailedError"><![CDATA[org.opentest4j.AssertionFailedError: Le résultat ducalcul2/3 est incorrect. 5 + 8 n'est pas égal à 17 ==> expected: <true> but was: <false>
	at squash.tfauto.RepeatedCalculatorTest.RepeatedAdditionFailure(RepeatedCalculatorTest.java:22)
]]></failure>
  </testcase>
  <testcase name="RepeatedAdditionFailure(RepetitionInfo)[3]" classname="squash.tfauto.RepeatedCalculatorTest" time="0">
    <failure type="org.opentest4j.AssertionFailedError"><![CDATA[org.opentest4j.AssertionFailedError: Le résultat ducalcul3/3 est incorrect. 5 + 8 n'est pas égal à 17 ==> expected: <true> but was: <false>
	at squash.tfauto.RepeatedCalculatorTest.RepeatedAdditionFailure(RepeatedCalculatorTest.java:22)
]]></failure>
  </testcase>
  <testcase name="repeatedMultiplicationSuccess(RepetitionInfo)[1]" classname="squash.tfauto.RepeatedCalculatorTest" time="0.001"/>
  <testcase name="repeatedMultiplicationSuccess(RepetitionInfo)[2]" classname="squash.tfauto.RepeatedCalculatorTest" time="0"/>
  <testcase name="repeatedMultiplicationSuccess(RepetitionInfo)[3]" classname="squash.tfauto.RepeatedCalculatorTest" time="0"/>
  <testcase name="repeatedMultiplicationFailure(RepetitionInfo)[1]" classname="squash.tfauto.RepeatedCalculatorTest" time="0.002">
    <failure type="org.opentest4j.AssertionFailedError"><![CDATA[org.opentest4j.AssertionFailedError: Le résultat ducalcul1/3 est incorrect. 2 * 4 n'est pas égal à 6 ==> expected: <true> but was: <false>
	at squash.tfauto.RepeatedCalculatorTest.repeatedMultiplicationFailure(RepeatedCalculatorTest.java:42)
]]></failure>
  </testcase>
  <testcase name="repeatedMultiplicationFailure(RepetitionInfo)[2]" classname="squash.tfauto.RepeatedCalculatorTest" time="0">
    <failure type="org.opentest4j.AssertionFailedError"><![CDATA[org.opentest4j.AssertionFailedError: Le résultat ducalcul2/3 est incorrect. 2 * 4 n'est pas égal à 6 ==> expected: <true> but was: <false>
	at squash.tfauto.RepeatedCalculatorTest.repeatedMultiplicationFailure(RepeatedCalculatorTest.java:42)
]]></failure>
  </testcase>
  <testcase name="repeatedMultiplicationFailure(RepetitionInfo)[3]" classname="squash.tfauto.RepeatedCalculatorTest" time="0.001">
    <failure type="org.opentest4j.AssertionFailedError"><![CDATA[org.opentest4j.AssertionFailedError: Le résultat ducalcul3/3 est incorrect. 2 * 4 n'est pas égal à 6 ==> expected: <true> but was: <false>
	at squash.tfauto.RepeatedCalculatorTest.repeatedMultiplicationFailure(RepeatedCalculatorTest.java:42)
]]></failure>
  </testcase>
</testsuite>